#
# There is insufficient memory for the Java Runtime Environment to continue.
# Native memory allocation (malloc) failed to allocate 2842416 bytes for Chunk::new
# Possible reasons:
#   The system is out of physical RAM or swap space
#   The process is running with CompressedOops enabled, and the Java Heap may be blocking the growth of the native heap
# Possible solutions:
#   Reduce memory load on the system
#   Increase physical memory or swap space
#   Check if swap backing store is full
#   Decrease Java heap size (-Xmx/-Xms)
#   Decrease number of Java threads
#   Decrease Java thread stack sizes (-Xss)
#   Set larger code cache with -XX:ReservedCodeCacheSize=
#   JVM is running with Unscaled Compressed Oops mode in which the Java heap is
#     placed in the first 4GB address space. The Java Heap base address is the
#     maximum limit for the native heap growth. Please use -XX:HeapBaseMinAddress
#     to set the Java Heap base and to place the Java Heap above 4GB virtual address.
# This output file may be truncated or incomplete.
#
#  Out of Memory Error (allocation.cpp:389), pid=6300, tid=0x0000000000002a18
#
# JRE version: OpenJDK Runtime Environment (8.0_242-b01) (build 1.8.0_242-release-1644-b01)
# Java VM: OpenJDK 64-Bit Server VM (25.242-b01 mixed mode windows-amd64 compressed oops)
# Failed to write core dump. Minidumps are not enabled by default on client versions of Windows
#

---------------  T H R E A D  ---------------

Current thread (0x0000000017ccd000):  JavaThread "C2 CompilerThread1" daemon [_thread_in_native, id=10776, stack(0x000000001a4b0000,0x000000001a5b0000)]

Stack: [0x000000001a4b0000,0x000000001a5b0000]
[error occurred during error reporting (printing stack bounds), id 0xc0000005]

Native frames: (J=compiled Java code, j=interpreted, Vv=VM code, C=native code)


Current CompileTask:
C2:1813956 16453 %     4       com.android.tools.r8.B.a.a.f::a @ 1823 (3630 bytes)


---------------  P R O C E S S  ---------------

Java Threads: ( => current thread )
  0x000000001b9cd800 JavaThread "WorkerExecutor Queue Thread 9" [_thread_blocked, id=6540, stack(0x000000002a620000,0x000000002a720000)]
  0x000000001b9d1000 JavaThread "Cache worker for Java compile cache (C:\Users\Saurabh Tripathi\AndroidStudioProjects\Medify\.gradle\6.1.1\javaCompile)" [_thread_blocked, id=7908, stack(0x000000001e0d0000,0x000000001e1d0000)]
  0x000000001b9cf800 JavaThread "stdout" [_thread_in_native, id=4172, stack(0x000000002a520000,0x000000002a620000)]
  0x000000001b9ce000 JavaThread "stderr" [_thread_in_native, id=5896, stack(0x000000002a420000,0x000000002a520000)]
  0x000000001b9d3800 JavaThread "stdout" [_thread_in_native, id=6404, stack(0x000000002a320000,0x000000002a420000)]
  0x000000001cac5000 JavaThread "stderr" [_thread_in_native, id=2896, stack(0x000000002a220000,0x000000002a320000)]
  0x000000001cac4800 JavaThread "stdout" [_thread_in_native, id=10812, stack(0x000000002a120000,0x000000002a220000)]
  0x000000001cac2000 JavaThread "stderr" [_thread_in_native, id=968, stack(0x000000002a020000,0x000000002a120000)]
  0x000000001cac9000 JavaThread "stdout" [_thread_in_native, id=4048, stack(0x0000000029f20000,0x000000002a020000)]
  0x000000001f3bc800 JavaThread "stderr" [_thread_in_native, id=4496, stack(0x0000000029e20000,0x0000000029f20000)]
  0x000000001f3bb800 JavaThread "stdout" [_thread_in_native, id=5172, stack(0x0000000029d20000,0x0000000029e20000)]
  0x000000001f3be000 JavaThread "stderr" [_thread_in_native, id=4544, stack(0x0000000029c20000,0x0000000029d20000)]
  0x000000001f3ba000 JavaThread "stdout" [_thread_in_native, id=5448, stack(0x0000000029b20000,0x0000000029c20000)]
  0x000000001f3b9800 JavaThread "stderr" [_thread_in_native, id=12780, stack(0x0000000029a20000,0x0000000029b20000)]
  0x000000001f3bb000 JavaThread "stdout" [_thread_in_native, id=10740, stack(0x0000000029920000,0x0000000029a20000)]
  0x000000001f3b0000 JavaThread "stderr" [_thread_in_native, id=13028, stack(0x0000000029820000,0x0000000029920000)]
  0x000000001f3af800 JavaThread "stdout" [_thread_in_native, id=9868, stack(0x0000000029720000,0x0000000029820000)]
  0x000000001f3b6800 JavaThread "stderr" [_thread_in_native, id=3464, stack(0x0000000029020000,0x0000000029120000)]
  0x000000001f3b5000 JavaThread "WorkerExecutor Queue Thread 8" [_thread_in_native, id=7388, stack(0x0000000028d20000,0x0000000028e20000)]
  0x000000001f3b4000 JavaThread "WorkerExecutor Queue Thread 7" [_thread_blocked, id=2332, stack(0x0000000028c20000,0x0000000028d20000)]
  0x000000001f3ae800 JavaThread "WorkerExecutor Queue Thread 6" [_thread_blocked, id=2992, stack(0x0000000028b20000,0x0000000028c20000)]
  0x000000001f3b3000 JavaThread "pool-5-thread-1" [_thread_blocked, id=8692, stack(0x0000000027950000,0x0000000027a50000)]
  0x00000000221a4000 JavaThread "WorkerExecutor Queue Thread 5" [_thread_blocked, id=4320, stack(0x0000000027850000,0x0000000027950000)]
  0x00000000221a3000 JavaThread "WorkerExecutor Queue Thread 4" [_thread_blocked, id=11484, stack(0x0000000027750000,0x0000000027850000)]
  0x00000000221a8800 JavaThread "WorkerExecutor Queue Thread 3" [_thread_blocked, id=4056, stack(0x0000000027650000,0x0000000027750000)]
  0x00000000221a7800 JavaThread "WorkerExecutor Queue Thread 2" [_thread_blocked, id=7068, stack(0x0000000027550000,0x0000000027650000)]
  0x00000000221a2800 JavaThread "WorkerExecutor Queue" [_thread_in_native, id=1116, stack(0x0000000027450000,0x0000000027550000)]
  0x00000000221a9000 JavaThread "Cache worker for execution history cache (C:\Users\Saurabh Tripathi\AndroidStudioProjects\Medify\.gradle\6.1.1\executionHistory)" [_thread_blocked, id=6596, stack(0x00000000270d0000,0x00000000271d0000)]
  0x000000002219a800 JavaThread "Execution worker for ':' Thread 7" [_thread_blocked, id=8140, stack(0x0000000026d40000,0x0000000026e40000)]
  0x000000002219f800 JavaThread "Execution worker for ':' Thread 6" [_thread_blocked, id=8448, stack(0x0000000026c40000,0x0000000026d40000)]
  0x000000002219e000 JavaThread "Execution worker for ':' Thread 5" [_thread_blocked, id=14624, stack(0x0000000026b40000,0x0000000026c40000)]
  0x00000000221a1800 JavaThread "Execution worker for ':' Thread 4" [_thread_blocked, id=10648, stack(0x0000000026a40000,0x0000000026b40000)]
  0x000000002219c800 JavaThread "Execution worker for ':' Thread 3" [_thread_blocked, id=4644, stack(0x0000000026940000,0x0000000026a40000)]
  0x000000002219d000 JavaThread "Execution worker for ':' Thread 2" [_thread_blocked, id=1400, stack(0x0000000026840000,0x0000000026940000)]
  0x000000002219a000 JavaThread "Execution worker for ':'" [_thread_blocked, id=3560, stack(0x0000000026740000,0x0000000026840000)]
  0x0000000023410800 JavaThread "Cache worker for file content cache (C:\Users\Saurabh Tripathi\AndroidStudioProjects\Medify\.gradle\6.1.1\fileContent)" [_thread_blocked, id=8924, stack(0x0000000026640000,0x0000000026740000)]
  0x000000002340e000 JavaThread "Cache worker for Build Output Cleanup Cache (C:\Users\Saurabh Tripathi\AndroidStudioProjects\Medify\.gradle\buildOutputCleanup)" [_thread_blocked, id=10448, stack(0x0000000025eb0000,0x0000000025fb0000)]
  0x000000002340c800 JavaThread "Build operations Thread 8" [_thread_blocked, id=5924, stack(0x0000000025bb0000,0x0000000025cb0000)]
  0x000000002340d800 JavaThread "Build operations Thread 7" [_thread_blocked, id=7836, stack(0x00000000250b0000,0x00000000251b0000)]
  0x000000002340c000 JavaThread "Build operations Thread 6" [_thread_blocked, id=10964, stack(0x00000000249b0000,0x0000000024ab0000)]
  0x000000002340f000 JavaThread "Build operations Thread 5" [_thread_blocked, id=2904, stack(0x00000000248b0000,0x00000000249b0000)]
  0x000000002340f800 JavaThread "Build operations Thread 4" [_thread_blocked, id=14992, stack(0x00000000247b0000,0x00000000248b0000)]
  0x0000000023404000 JavaThread "Build operations Thread 3" [_thread_blocked, id=4780, stack(0x00000000246b0000,0x00000000247b0000)]
  0x000000002340b000 JavaThread "Build operations Thread 2" [_thread_blocked, id=8452, stack(0x00000000245b0000,0x00000000246b0000)]
  0x000000002340a800 JavaThread "Build operations" [_thread_blocked, id=10324, stack(0x00000000242a0000,0x00000000243a0000)]
  0x0000000023402800 JavaThread "Cache worker for cache directory md-rule (C:\Users\Saurabh Tripathi\.gradle\caches\6.1.1\md-rule)" [_thread_blocked, id=15056, stack(0x00000000241a0000,0x00000000242a0000)]
  0x0000000023409800 JavaThread "Cache worker for cache directory md-supplier (C:\Users\Saurabh Tripathi\.gradle\caches\6.1.1\md-supplier)" [_thread_blocked, id=13964, stack(0x0000000022810000,0x0000000022910000)]
  0x0000000023402000 JavaThread "Cache worker for file hash cache (C:\Users\Saurabh Tripathi\AndroidStudioProjects\Medify\.gradle\6.1.1\fileHashes)" [_thread_blocked, id=8492, stack(0x00000000211d0000,0x00000000212d0000)]
  0x0000000023409000 JavaThread "Cache worker for checksums cache (C:\Users\Saurabh Tripathi\AndroidStudioProjects\Medify\.gradle\checksums)" [_thread_blocked, id=12552, stack(0x00000000210d0000,0x00000000211d0000)]
  0x0000000023407800 JavaThread "Thread-80" [_thread_blocked, id=14344, stack(0x000000001f9a0000,0x000000001faa0000)]
  0x0000000023406800 JavaThread "Asynchronous log dispatcher for DefaultDaemonConnection: socket connection from /127.0.0.1:61960 to /127.0.0.1:61997" [_thread_blocked, id=7476, stack(0x000000001dfd0000,0x000000001e0d0000)]
  0x0000000023408000 JavaThread "Cancel handler" [_thread_blocked, id=3656, stack(0x000000001dbd0000,0x000000001dcd0000)]
  0x0000000023403800 JavaThread "Handler for socket connection from /127.0.0.1:61960 to /127.0.0.1:61997" [_thread_in_native, id=9440, stack(0x000000001dad0000,0x000000001dbd0000)]
  0x000000001f3b5800 JavaThread "Daemon worker Thread 2" [_thread_blocked, id=212, stack(0x000000001ded0000,0x000000001dfd0000)]
  0x000000001f3b1800 JavaThread "Daemon Thread 2" [_thread_blocked, id=14912, stack(0x0000000001000000,0x0000000001100000)]
  0x000000001f3b7000 JavaThread "Cache worker for Java compile cache (C:\Users\Saurabh Tripathi\.gradle\caches\6.1.1\javaCompile)" [_thread_blocked, id=12904, stack(0x0000000027a50000,0x0000000027b50000)]
  0x00000000221a6000 JavaThread "Cache worker for file content cache (C:\Users\Saurabh Tripathi\.gradle\caches\6.1.1\fileContent)" [_thread_blocked, id=4344, stack(0x0000000025ab0000,0x0000000025bb0000)]
  0x00000000221a5800 JavaThread "Memory manager" [_thread_blocked, id=14088, stack(0x00000000259b0000,0x0000000025ab0000)]
  0x000000001cac6800 JavaThread "Cache worker for execution history cache (C:\Users\Saurabh Tripathi\.gradle\caches\6.1.1\executionHistory)" [_thread_blocked, id=640, stack(0x0000000022510000,0x0000000022610000)]
  0x000000001cac3800 JavaThread "Cache worker for file hash cache (C:\Users\Saurabh Tripathi\.gradle\caches\6.1.1\fileHashes)" [_thread_blocked, id=3820, stack(0x000000001e8d0000,0x000000001e9d0000)]
  0x000000001cac6000 JavaThread "File lock request listener" [_thread_in_native, id=5820, stack(0x000000001e7d0000,0x000000001e8d0000)]
  0x000000001cb66000 JavaThread "Cache worker for journal cache (C:\Users\Saurabh Tripathi\.gradle\caches\journal-1)" [_thread_blocked, id=5520, stack(0x000000001e6d0000,0x000000001e7d0000)]
  0x000000001c904000 JavaThread "Daemon periodic checks" [_thread_blocked, id=5760, stack(0x000000001d9d0000,0x000000001dad0000)]
  0x000000001c960800 JavaThread "Incoming local TCP Connector on port 61960" [_thread_in_native, id=7428, stack(0x000000001d790000,0x000000001d890000)]
  0x000000001c2d8000 JavaThread "Daemon health stats" [_thread_blocked, id=2596, stack(0x000000001d150000,0x000000001d250000)]
  0x0000000019b7d800 JavaThread "Service Thread" daemon [_thread_blocked, id=10888, stack(0x000000001a7b0000,0x000000001a8b0000)]
  0x0000000019aed000 JavaThread "C1 CompilerThread3" daemon [_thread_blocked, id=13108, stack(0x000000001a6b0000,0x000000001a7b0000)]
  0x0000000017cce000 JavaThread "C2 CompilerThread2" daemon [_thread_blocked, id=13924, stack(0x000000001a5b0000,0x000000001a6b0000)]
=>0x0000000017ccd000 JavaThread "C2 CompilerThread1" daemon [_thread_in_native, id=10776, stack(0x000000001a4b0000,0x000000001a5b0000)]
  0x0000000019ae5800 JavaThread "C2 CompilerThread0" daemon [_thread_blocked, id=8812, stack(0x000000001a3b0000,0x000000001a4b0000)]
  0x0000000019ae4800 JavaThread "Attach Listener" daemon [_thread_blocked, id=8464, stack(0x000000001a2b0000,0x000000001a3b0000)]
  0x0000000019ae3000 JavaThread "Signal Dispatcher" daemon [_thread_blocked, id=7568, stack(0x000000001a1b0000,0x000000001a2b0000)]
  0x0000000002c4c800 JavaThread "Finalizer" daemon [_thread_blocked, id=2076, stack(0x0000000019fb0000,0x000000001a0b0000)]
  0x0000000019ad0800 JavaThread "Reference Handler" daemon [_thread_blocked, id=11424, stack(0x0000000019eb0000,0x0000000019fb0000)]
  0x00000000029ce800 JavaThread "main" [_thread_blocked, id=8720, stack(0x0000000002a50000,0x0000000002b50000)]

Other Threads:
  0x0000000017cb8000 VMThread [stack: 0x00000000199b0000,0x0000000019ab0000] [id=3040]
  0x0000000019b7e800 WatcherThread [stack: 0x000000001a8b0000,0x000000001a9b0000] [id=2488]

VM state:not at safepoint (normal execution)

VM Mutex/Monitor currently owned by a thread: None

heap address: 0x0000000080000000, size: 2048 MB, Compressed Oops mode: 32-bit
Narrow klass base: 0x0000000000000000, Narrow klass shift: 3
Compressed class space size: 1073741824 Address: 0x0000000100000000

Heap:
 PSYoungGen      total 323584K, used 204490K [0x00000000d5580000, 0x00000000eec00000, 0x0000000100000000)
  eden space 303616K, 60% used [0x00000000d5580000,0x00000000e09b9ee0,0x00000000e7e00000)
  from space 19968K, 99% used [0x00000000e9c00000,0x00000000eaf78cf0,0x00000000eaf80000)
  to   space 30720K, 0% used [0x00000000e7e00000,0x00000000e7e00000,0x00000000e9c00000)
 ParOldGen       total 123392K, used 61286K [0x0000000080000000, 0x0000000087880000, 0x00000000d5580000)
  object space 123392K, 49% used [0x0000000080000000,0x0000000083bd9850,0x0000000087880000)
 Metaspace       used 91033K, capacity 96248K, committed 96552K, reserved 1132544K
  class space    used 12037K, capacity 12979K, committed 13104K, reserved 1048576K

Card table byte_map: [0x0000000012010000,0x0000000012420000] byte_map_base: 0x0000000011c10000

Marking Bits: (ParMarkBitMap*) 0x000000006f34f030
 Begin Bits: [0x0000000012ed0000, 0x0000000014ed0000)
 End Bits:   [0x0000000014ed0000, 0x0000000016ed0000)

Polling page: 0x0000000000ce0000

CodeCache: size=245760Kb used=45680Kb max_used=45684Kb free=200079Kb
 bounds [0x0000000002c50000, 0x0000000005920000, 0x0000000011c50000]
 total_blobs=14682 nmethods=13810 adapters=783
 compilation: enabled

Compilation events (10 events):
Event: 1813.718 Thread 0x0000000019aed000 nmethod 16714 0x000000000590ed10 code [0x000000000590ee80, 0x000000000590f0c8]
Event: 1813.718 Thread 0x0000000019aed000 16709       3       java.util.stream.ReferencePipeline$StatefulOp::<init> (29 bytes)
Event: 1813.718 Thread 0x0000000019aed000 nmethod 16709 0x000000000590e890 code [0x000000000590ea00, 0x000000000590ec08]
Event: 1813.724 Thread 0x0000000019ae5800 nmethod 16711 0x000000000591d010 code [0x000000000591d1c0, 0x000000000591d8b0]
Event: 1813.727 Thread 0x0000000017cce000 16715       4       com.android.tools.r8.graph.f0::compareTo (12 bytes)
Event: 1813.727 Thread 0x0000000019aed000 16716       3       com.android.tools.r8.dex.r$$Lambda$1312/2063096764::accept (12 bytes)
Event: 1813.727 Thread 0x0000000019aed000 nmethod 16716 0x000000000590e2d0 code [0x000000000590e440, 0x000000000590e6c8]
Event: 1813.727 Thread 0x0000000019aed000 16717       3       com.android.tools.r8.dex.r::b (66 bytes)
Event: 1813.727 Thread 0x0000000017cce000 nmethod 16715 0x00000000059190d0 code [0x0000000005919220, 0x00000000059192d8]
Event: 1813.727 Thread 0x0000000019aed000 nmethod 16717 0x0000000005919cd0 code [0x0000000005919ea0, 0x000000000591a498]

GC Heap History (10 events):
Event: 23.274 GC heap before
{Heap before GC invocations=16 (full 3):
 PSYoungGen      total 263680K, used 250368K [0x00000000d5580000, 0x00000000e6d00000, 0x0000000100000000)
  eden space 250368K, 100% used [0x00000000d5580000,0x00000000e4a00000,0x00000000e4a00000)
  from space 13312K, 0% used [0x00000000e6000000,0x00000000e6000000,0x00000000e6d00000)
  to   space 17920K, 0% used [0x00000000e4a00000,0x00000000e4a00000,0x00000000e5b80000)
 ParOldGen       total 78848K, used 33307K [0x0000000080000000, 0x0000000084d00000, 0x00000000d5580000)
  object space 78848K, 42% used [0x0000000080000000,0x0000000082086e58,0x0000000084d00000)
 Metaspace       used 62999K, capacity 66018K, committed 66216K, reserved 1105920K
  class space    used 8665K, capacity 9288K, committed 9392K, reserved 1048576K
Event: 23.301 GC heap after
Heap after GC invocations=16 (full 3):
 PSYoungGen      total 268288K, used 17912K [0x00000000d5580000, 0x00000000ebe80000, 0x0000000100000000)
  eden space 250368K, 0% used [0x00000000d5580000,0x00000000d5580000,0x00000000e4a00000)
  from space 17920K, 99% used [0x00000000e4a00000,0x00000000e5b7e1c8,0x00000000e5b80000)
  to   space 24576K, 0% used [0x00000000ea680000,0x00000000ea680000,0x00000000ebe80000)
 ParOldGen       total 78848K, used 43703K [0x0000000080000000, 0x0000000084d00000, 0x00000000d5580000)
  object space 78848K, 55% used [0x0000000080000000,0x0000000082aadea0,0x0000000084d00000)
 Metaspace       used 62999K, capacity 66018K, committed 66216K, reserved 1105920K
  class space    used 8665K, capacity 9288K, committed 9392K, reserved 1048576K
}
Event: 55.233 GC heap before
{Heap before GC invocations=17 (full 3):
 PSYoungGen      total 268288K, used 268280K [0x00000000d5580000, 0x00000000ebe80000, 0x0000000100000000)
  eden space 250368K, 100% used [0x00000000d5580000,0x00000000e4a00000,0x00000000e4a00000)
  from space 17920K, 99% used [0x00000000e4a00000,0x00000000e5b7e1c8,0x00000000e5b80000)
  to   space 24576K, 0% used [0x00000000ea680000,0x00000000ea680000,0x00000000ebe80000)
 ParOldGen       total 78848K, used 43703K [0x0000000080000000, 0x0000000084d00000, 0x00000000d5580000)
  object space 78848K, 55% used [0x0000000080000000,0x0000000082aadea0,0x0000000084d00000)
 Metaspace       used 70392K, capacity 73602K, committed 73768K, reserved 1112064K
  class space    used 9570K, capacity 10206K, committed 10288K, reserved 1048576K
Event: 55.282 GC heap after
Heap after GC invocations=17 (full 3):
 PSYoungGen      total 323584K, used 11488K [0x00000000d5580000, 0x00000000eb300000, 0x0000000100000000)
  eden space 310784K, 0% used [0x00000000d5580000,0x00000000d5580000,0x00000000e8500000)
  from space 12800K, 89% used [0x00000000ea680000,0x00000000eb1b82f8,0x00000000eb300000)
  to   space 23552K, 0% used [0x00000000e8500000,0x00000000e8500000,0x00000000e9c00000)
 ParOldGen       total 78848K, used 60711K [0x0000000080000000, 0x0000000084d00000, 0x00000000d5580000)
  object space 78848K, 76% used [0x0000000080000000,0x0000000083b49db0,0x0000000084d00000)
 Metaspace       used 70392K, capacity 73602K, committed 73768K, reserved 1112064K
  class space    used 9570K, capacity 10206K, committed 10288K, reserved 1048576K
}
Event: 1709.165 GC heap before
{Heap before GC invocations=18 (full 3):
 PSYoungGen      total 323584K, used 322272K [0x00000000d5580000, 0x00000000eb300000, 0x0000000100000000)
  eden space 310784K, 100% used [0x00000000d5580000,0x00000000e8500000,0x00000000e8500000)
  from space 12800K, 89% used [0x00000000ea680000,0x00000000eb1b82f8,0x00000000eb300000)
  to   space 23552K, 0% used [0x00000000e8500000,0x00000000e8500000,0x00000000e9c00000)
 ParOldGen       total 78848K, used 60711K [0x0000000080000000, 0x0000000084d00000, 0x00000000d5580000)
  object space 78848K, 76% used [0x0000000080000000,0x0000000083b49db0,0x0000000084d00000)
 Metaspace       used 80275K, capacity 83992K, committed 84264K, reserved 1122304K
  class space    used 10543K, capacity 11265K, committed 11312K, reserved 1048576K
Event: 1710.651 GC heap after
Heap after GC invocations=18 (full 3):
 PSYoungGen      total 320512K, used 23528K [0x00000000d5580000, 0x00000000eaf80000, 0x0000000100000000)
  eden space 296960K, 0% used [0x00000000d5580000,0x00000000d5580000,0x00000000e7780000)
  from space 23552K, 99% used [0x00000000e8500000,0x00000000e9bfa038,0x00000000e9c00000)
  to   space 19968K, 0% used [0x00000000e9c00000,0x00000000e9c00000,0x00000000eaf80000)
 ParOldGen       total 78848K, used 64739K [0x0000000080000000, 0x0000000084d00000, 0x00000000d5580000)
  object space 78848K, 82% used [0x0000000080000000,0x0000000083f38f80,0x0000000084d00000)
 Metaspace       used 80275K, capacity 83992K, committed 84264K, reserved 1122304K
  class space    used 10543K, capacity 11265K, committed 11312K, reserved 1048576K
}
Event: 1710.651 GC heap before
{Heap before GC invocations=19 (full 4):
 PSYoungGen      total 320512K, used 23528K [0x00000000d5580000, 0x00000000eaf80000, 0x0000000100000000)
  eden space 296960K, 0% used [0x00000000d5580000,0x00000000d5580000,0x00000000e7780000)
  from space 23552K, 99% used [0x00000000e8500000,0x00000000e9bfa038,0x00000000e9c00000)
  to   space 19968K, 0% used [0x00000000e9c00000,0x00000000e9c00000,0x00000000eaf80000)
 ParOldGen       total 78848K, used 64739K [0x0000000080000000, 0x0000000084d00000, 0x00000000d5580000)
  object space 78848K, 82% used [0x0000000080000000,0x0000000083f38f80,0x0000000084d00000)
 Metaspace       used 80275K, capacity 83992K, committed 84264K, reserved 1122304K
  class space    used 10543K, capacity 11265K, committed 11312K, reserved 1048576K
Event: 1722.060 GC heap after
Heap after GC invocations=19 (full 4):
 PSYoungGen      total 320512K, used 0K [0x00000000d5580000, 0x00000000eaf80000, 0x0000000100000000)
  eden space 296960K, 0% used [0x00000000d5580000,0x00000000d5580000,0x00000000e7780000)
  from space 23552K, 0% used [0x00000000e8500000,0x00000000e8500000,0x00000000e9c00000)
  to   space 19968K, 0% used [0x00000000e9c00000,0x00000000e9c00000,0x00000000eaf80000)
 ParOldGen       total 123392K, used 59752K [0x0000000080000000, 0x0000000087880000, 0x00000000d5580000)
  object space 123392K, 48% used [0x0000000080000000,0x0000000083a5a2a0,0x0000000087880000)
 Metaspace       used 79986K, capacity 83168K, committed 84264K, reserved 1122304K
  class space    used 10451K, capacity 11103K, committed 11312K, reserved 1048576K
}
Event: 1809.937 GC heap before
{Heap before GC invocations=20 (full 4):
 PSYoungGen      total 320512K, used 296960K [0x00000000d5580000, 0x00000000eaf80000, 0x0000000100000000)
  eden space 296960K, 100% used [0x00000000d5580000,0x00000000e7780000,0x00000000e7780000)
  from space 23552K, 0% used [0x00000000e8500000,0x00000000e8500000,0x00000000e9c00000)
  to   space 19968K, 0% used [0x00000000e9c00000,0x00000000e9c00000,0x00000000eaf80000)
 ParOldGen       total 123392K, used 59752K [0x0000000080000000, 0x0000000087880000, 0x00000000d5580000)
  object space 123392K, 48% used [0x0000000080000000,0x0000000083a5a2a0,0x0000000087880000)
 Metaspace       used 81340K, capacity 84652K, committed 85416K, reserved 1124352K
  class space    used 10559K, capacity 11229K, committed 11440K, reserved 1048576K
Event: 1810.090 GC heap after
Heap after GC invocations=20 (full 4):
 PSYoungGen      total 323584K, used 19939K [0x00000000d5580000, 0x00000000eec00000, 0x0000000100000000)
  eden space 303616K, 0% used [0x00000000d5580000,0x00000000d5580000,0x00000000e7e00000)
  from space 19968K, 99% used [0x00000000e9c00000,0x00000000eaf78cf0,0x00000000eaf80000)
  to   space 30720K, 0% used [0x00000000e7e00000,0x00000000e7e00000,0x00000000e9c00000)
 ParOldGen       total 123392K, used 61286K [0x0000000080000000, 0x0000000087880000, 0x00000000d5580000)
  object space 123392K, 49% used [0x0000000080000000,0x0000000083bd9850,0x0000000087880000)
 Metaspace       used 81340K, capacity 84652K, committed 85416K, reserved 1124352K
  class space    used 10559K, capacity 11229K, committed 11440K, reserved 1048576K
}

Deoptimization events (10 events):
Event: 1813.006 Thread 0x00000000221a2800 Uncommon trap: reason=unstable_if action=reinterpret pc=0x00000000055e9dd0 method=com.android.tools.r8.ir.conversion.o.b(Lcom/android/tools/r8/r/n/z;)Z @ 18
Event: 1813.065 Thread 0x000000002219e000 Uncommon trap: reason=array_check action=maybe_recompile pc=0x00000000055d8dcc method=java.util.TimSort.reverseRange([Ljava/lang/Object;II)V @ 20
Event: 1813.247 Thread 0x000000002219e000 Uncommon trap: reason=class_check action=maybe_recompile pc=0x000000000389f970 method=java.util.Spliterators$1Adapter.hasNext()Z @ 12
Event: 1813.249 Thread 0x000000002219e000 Uncommon trap: reason=class_check action=maybe_recompile pc=0x000000000389f970 method=java.util.Spliterators$1Adapter.hasNext()Z @ 12
Event: 1813.251 Thread 0x000000002219e000 Uncommon trap: reason=unstable_if action=reinterpret pc=0x0000000004ff4954 method=org.gradle.api.internal.changedetection.state.GlobalScopeFileTimeStampInspector.timestampCanBeUsedToDetectFileChange(Ljava/lang/String;J)Z @ 37
Event: 1813.298 Thread 0x000000001cac3800 Uncommon trap: reason=unstable_if action=reinterpret pc=0x00000000051069d8 method=org.gradle.cache.internal.btree.FileBackedBlockStore$BlockImpl.getPos()Lorg/gradle/cache/internal/btree/BlockPointer; @ 4
Event: 1813.403 Thread 0x00000000221a2800 Uncommon trap: reason=unstable_if action=reinterpret pc=0x0000000003237428 method=java.util.Arrays.equals([Ljava/lang/Object;[Ljava/lang/Object;)Z @ 47
Event: 1813.518 Thread 0x00000000221a3000 Uncommon trap: reason=array_check action=maybe_recompile pc=0x00000000057c3be8 method=java.util.TimSort.reverseRange([Ljava/lang/Object;II)V @ 27
Event: 1813.518 Thread 0x00000000221a3000 Uncommon trap: reason=array_check action=maybe_recompile pc=0x00000000057c3be8 method=java.util.TimSort.reverseRange([Ljava/lang/Object;II)V @ 27
Event: 1813.528 Thread 0x000000001cac6800 Uncommon trap: reason=bimorphic action=maybe_recompile pc=0x0000000004799e70 method=java.util.Collections.indexedBinarySearch(Ljava/util/List;Ljava/lang/Object;)I @ 39

Classes redefined (0 events):
No events

Internal exceptions (10 events):
Event: 1813.482 Thread 0x00000000221a2800 Exception <a 'sun/nio/fs/WindowsException'> (0x00000000dfd4ff50) thrown at [C:\src\AOSP-openjdk-git\hotspot\src\share\vm\prims\jni.cpp, line 710]
Event: 1813.544 Thread 0x00000000221a2800 Exception <a 'sun/nio/fs/WindowsException'> (0x00000000dfd574f0) thrown at [C:\src\AOSP-openjdk-git\hotspot\src\share\vm\prims\jni.cpp, line 710]
Event: 1813.548 Thread 0x00000000221a2800 Exception <a 'sun/nio/fs/WindowsException'> (0x00000000e05e1358) thrown at [C:\src\AOSP-openjdk-git\hotspot\src\share\vm\prims\jni.cpp, line 710]
Event: 1813.551 Thread 0x00000000221a2800 Exception <a 'sun/nio/fs/WindowsException'> (0x00000000e05e9020) thrown at [C:\src\AOSP-openjdk-git\hotspot\src\share\vm\prims\jni.cpp, line 710]
Event: 1813.579 Thread 0x00000000221a2800 Exception <a 'sun/nio/fs/WindowsException'> (0x00000000e05f0000) thrown at [C:\src\AOSP-openjdk-git\hotspot\src\share\vm\prims\jni.cpp, line 710]
Event: 1813.580 Thread 0x00000000221a2800 Exception <a 'sun/nio/fs/WindowsException'> (0x00000000e07522b0) thrown at [C:\src\AOSP-openjdk-git\hotspot\src\share\vm\prims\jni.cpp, line 710]
Event: 1813.714 Thread 0x00000000221a2800 Exception <a 'sun/nio/fs/WindowsException'> (0x00000000e081a178) thrown at [C:\src\AOSP-openjdk-git\hotspot\src\share\vm\prims\jni.cpp, line 710]
Event: 1813.716 Thread 0x00000000221a2800 Exception <a 'sun/nio/fs/WindowsException'> (0x00000000e0825e48) thrown at [C:\src\AOSP-openjdk-git\hotspot\src\share\vm\prims\jni.cpp, line 710]
Event: 1813.718 Thread 0x00000000221a2800 Exception <a 'sun/nio/fs/WindowsException'> (0x00000000e0876b10) thrown at [C:\src\AOSP-openjdk-git\hotspot\src\share\vm\prims\jni.cpp, line 710]
Event: 1813.727 Thread 0x00000000221a2800 Exception <a 'sun/nio/fs/WindowsException'> (0x00000000e08bfb20) thrown at [C:\src\AOSP-openjdk-git\hotspot\src\share\vm\prims\jni.cpp, line 710]

Events (10 events):
Event: 1813.536 Thread 0x00000000221a4000 DEOPT PACKING pc=0x000000000574acfe sp=0x000000002794d4e0
Event: 1813.536 Thread 0x00000000221a4000 DEOPT UNPACKING pc=0x0000000002c975d0 sp=0x000000002794d250 mode 0
Event: 1813.536 Thread 0x00000000221a4000 DEOPT PACKING pc=0x0000000005755dc6 sp=0x000000002794d4d0
Event: 1813.536 Thread 0x00000000221a4000 DEOPT UNPACKING pc=0x0000000002c975d0 sp=0x000000002794d248 mode 0
Event: 1813.537 Thread 0x00000000221a4000 DEOPT PACKING pc=0x0000000005755dc6 sp=0x000000002794d4a0
Event: 1813.537 Thread 0x00000000221a4000 DEOPT UNPACKING pc=0x0000000002c975d0 sp=0x000000002794d218 mode 0
Event: 1813.538 Thread 0x00000000221a4000 DEOPT PACKING pc=0x000000000574acfe sp=0x000000002794d500
Event: 1813.538 Thread 0x00000000221a4000 DEOPT UNPACKING pc=0x0000000002c975d0 sp=0x000000002794d270 mode 0
Event: 1813.713 Executing VM operation: ForceSafepoint
Event: 1813.714 Executing VM operation: ForceSafepoint done


Dynamic libraries:
0x00007ff6fd740000 - 0x00007ff6fd771000 	C:\Program Files\Android\Android Studio\jre\bin\java.exe
0x00007ffa899c0000 - 0x00007ffa89bb0000 	C:\WINDOWS\SYSTEM32\ntdll.dll
0x00007ffa88530000 - 0x00007ffa885e2000 	C:\WINDOWS\System32\KERNEL32.DLL
0x00007ffa86a50000 - 0x00007ffa86cf4000 	C:\WINDOWS\System32\KERNELBASE.dll
0x00007ffa88290000 - 0x00007ffa88333000 	C:\WINDOWS\System32\ADVAPI32.dll
0x00007ffa87f70000 - 0x00007ffa8800e000 	C:\WINDOWS\System32\msvcrt.dll
0x00007ffa89580000 - 0x00007ffa89617000 	C:\WINDOWS\System32\sechost.dll
0x00007ffa87df0000 - 0x00007ffa87f10000 	C:\WINDOWS\System32\RPCRT4.dll
0x00007ffa88f70000 - 0x00007ffa89104000 	C:\WINDOWS\System32\USER32.dll
0x00007ffa87900000 - 0x00007ffa87921000 	C:\WINDOWS\System32\win32u.dll
0x00007ffa87a70000 - 0x00007ffa87a96000 	C:\WINDOWS\System32\GDI32.dll
0x00007ffa86f00000 - 0x00007ffa87095000 	C:\WINDOWS\System32\gdi32full.dll
0x00007ffa87930000 - 0x00007ffa879ce000 	C:\WINDOWS\System32\msvcp_win.dll
0x00007ffa86950000 - 0x00007ffa86a4a000 	C:\WINDOWS\System32\ucrtbase.dll
0x00007ffa7adc0000 - 0x00007ffa7b044000 	C:\WINDOWS\WinSxS\amd64_microsoft.windows.common-controls_6595b64144ccf1df_6.0.18362.900_none_e6beb9d913147d17\COMCTL32.dll
0x00007ffa87ab0000 - 0x00007ffa87de5000 	C:\WINDOWS\System32\combase.dll
0x00007ffa879d0000 - 0x00007ffa87a50000 	C:\WINDOWS\System32\bcryptPrimitives.dll
0x00007ffa88190000 - 0x00007ffa881be000 	C:\WINDOWS\System32\IMM32.DLL
0x000000006e9c0000 - 0x000000006ea92000 	C:\Program Files\Android\Android Studio\jre\jre\bin\msvcr100.dll
0x000000006eb80000 - 0x000000006f3cb000 	C:\Program Files\Android\Android Studio\jre\jre\bin\server\jvm.dll
0x00007ffa88e30000 - 0x00007ffa88e38000 	C:\WINDOWS\System32\PSAPI.DLL
0x00007ffa84c80000 - 0x00007ffa84c89000 	C:\WINDOWS\SYSTEM32\WSOCK32.dll
0x00007ffa83db0000 - 0x00007ffa83dd4000 	C:\WINDOWS\SYSTEM32\WINMM.dll
0x00007ffa84a80000 - 0x00007ffa84a8a000 	C:\WINDOWS\SYSTEM32\VERSION.dll
0x00007ffa884c0000 - 0x00007ffa8852f000 	C:\WINDOWS\System32\WS2_32.dll
0x00007ffa83d80000 - 0x00007ffa83dad000 	C:\WINDOWS\SYSTEM32\winmmbase.dll
0x00007ffa870a0000 - 0x00007ffa870ea000 	C:\WINDOWS\System32\cfgmgr32.dll
0x00007ffa847c0000 - 0x00007ffa847cf000 	C:\Program Files\Android\Android Studio\jre\jre\bin\verify.dll
0x00007ffa7fb20000 - 0x00007ffa7fb49000 	C:\Program Files\Android\Android Studio\jre\jre\bin\java.dll
0x00007ffa7f510000 - 0x00007ffa7f526000 	C:\Program Files\Android\Android Studio\jre\jre\bin\zip.dll
0x00007ffa88730000 - 0x00007ffa88e16000 	C:\WINDOWS\System32\SHELL32.dll
0x00007ffa880e0000 - 0x00007ffa88189000 	C:\WINDOWS\System32\shcore.dll
0x00007ffa87120000 - 0x00007ffa878a0000 	C:\WINDOWS\System32\windows.storage.dll
0x00007ffa86900000 - 0x00007ffa86923000 	C:\WINDOWS\System32\profapi.dll
0x00007ffa868b0000 - 0x00007ffa868fa000 	C:\WINDOWS\System32\powrprof.dll
0x00007ffa86880000 - 0x00007ffa86890000 	C:\WINDOWS\System32\UMPDC.dll
0x00007ffa89920000 - 0x00007ffa89972000 	C:\WINDOWS\System32\shlwapi.dll
0x00007ffa86930000 - 0x00007ffa86941000 	C:\WINDOWS\System32\kernel.appcore.dll
0x00007ffa87a50000 - 0x00007ffa87a67000 	C:\WINDOWS\System32\cryptsp.dll
0x00007ffa7ec10000 - 0x00007ffa7ec2a000 	C:\Program Files\Android\Android Studio\jre\jre\bin\net.dll
0x00007ffa86090000 - 0x00007ffa860f7000 	C:\WINDOWS\system32\mswsock.dll
0x00007ffa7d740000 - 0x00007ffa7d753000 	C:\Program Files\Android\Android Studio\jre\jre\bin\nio.dll
0x00007ffa72520000 - 0x00007ffa72546000 	C:\Users\Saurabh Tripathi\.gradle\native\31\windows-amd64\native-platform.dll
0x00007ffa84740000 - 0x00007ffa8474d000 	C:\Program Files\Android\Android Studio\jre\jre\bin\management.dll
0x00007ffa85c00000 - 0x00007ffa85c33000 	C:\WINDOWS\system32\rsaenh.dll
0x00007ffa870f0000 - 0x00007ffa87116000 	C:\WINDOWS\System32\bcrypt.dll
0x00007ffa867a0000 - 0x00007ffa867c5000 	C:\WINDOWS\SYSTEM32\USERENV.dll
0x00007ffa86260000 - 0x00007ffa8626c000 	C:\WINDOWS\SYSTEM32\CRYPTBASE.dll
0x00007ffa85da0000 - 0x00007ffa85dda000 	C:\WINDOWS\SYSTEM32\IPHLPAPI.DLL
0x00007ffa87aa0000 - 0x00007ffa87aa8000 	C:\WINDOWS\System32\NSI.dll
0x00007ffa7f160000 - 0x00007ffa7f176000 	C:\WINDOWS\SYSTEM32\dhcpcsvc6.DLL
0x00007ffa7f590000 - 0x00007ffa7f5ac000 	C:\WINDOWS\SYSTEM32\dhcpcsvc.DLL
0x00007ffa85df0000 - 0x00007ffa85ebb000 	C:\WINDOWS\SYSTEM32\DNSAPI.dll

VM Arguments:
jvm_args: -Xmx2048m -Dfile.encoding=windows-1252 -Duser.country=US -Duser.language=en -Duser.variant 
java_command: org.gradle.launcher.daemon.bootstrap.GradleDaemon 6.1.1
java_class_path (initial): C:\Users\Saurabh Tripathi\.gradle\wrapper\dists\gradle-6.1.1-all\cfmwm155h49vnt3hynmlrsdst\gradle-6.1.1\lib\gradle-launcher-6.1.1.jar
Launcher Type: SUN_STANDARD

Environment Variables:
PATH=C:\Program Files (x86)\Intel\Intel(R) Management Engine Components\iCLS\;C:\Program Files\Intel\Intel(R) Management Engine Components\iCLS\;C:\WINDOWS\system32;C:\WINDOWS;C:\WINDOWS\System32\Wbem;C:\WINDOWS\System32\WindowsPowerShell\v1.0\;C:\WINDOWS\System32\OpenSSH\;C:\Program Files (x86)\Intel\Intel(R) Management Engine Components\DAL;C:\Program Files\Intel\Intel(R) Management Engine Components\DAL;C:\Program Files (x86)\Intel\Intel(R) Management Engine Components\IPT;C:\Program Files\Intel\Intel(R) Management Engine Components\IPT;C:\Program Files\Java\jdk-11.0.1\bin;C:\Program Files\Git\cmd;C:\Program Files\nodejs\;C:\ProgramData\chocolatey\bin;C:\Users\Saurabh Tripathi\AppData\Local\Microsoft\WindowsApps;C:\Users\Saurabh Tripathi\AppData\Local\Programs\Python\Python36-32\Scripts;C:\Users\Saurabh Tripathi\AppData\Local\Programs\Python\Python36-32;;C:\Users\Saurabh Tripathi\AppData\Local\Programs\Microsoft VS Code\bin;C:\Users\Saurabh Tripathi\AppData\Roaming\npm;C:\Program Files\heroku\bin
USERNAME=Saurabh Tripathi
OS=Windows_NT
PROCESSOR_IDENTIFIER=Intel64 Family 6 Model 142 Stepping 10, GenuineIntel



---------------  S Y S T E M  ---------------

OS: Windows 10.0 , 64 bit Build 18362 (10.0.18362.900)

CPU:total 8 (initial active 8) (4 cores per cpu, 2 threads per core) family 6 model 142 stepping 10, cmov, cx8, fxsr, mmx, sse, sse2, sse3, ssse3, sse4.1, sse4.2, popcnt, avx, avx2, aes, clmul, erms, 3dnowpref, lzcnt, ht, tsc, tscinvbit, bmi1, bmi2, adx

Memory: 4k page, physical 4073468k(278016k free), swap 6905852k(7552k free)

vm_info: OpenJDK 64-Bit Server VM (25.242-b01) for windows-amd64 JRE (1.8.0_242-release-1644-b01), built by "builder" with MS VC++ 10.0 (VS2010)

time: Mon Nov 30 22:07:07 2020
timezone: India Standard Time
elapsed time: 1814 seconds (0d 0h 30m 14s)

