#
# There is insufficient memory for the Java Runtime Environment to continue.
# Native memory allocation (malloc) failed to allocate 971376 bytes for Chunk::new
# Possible reasons:
#   The system is out of physical RAM or swap space
#   The process is running with CompressedOops enabled, and the Java Heap may be blocking the growth of the native heap
# Possible solutions:
#   Reduce memory load on the system
#   Increase physical memory or swap space
#   Check if swap backing store is full
#   Decrease Java heap size (-Xmx/-Xms)
#   Decrease number of Java threads
#   Decrease Java thread stack sizes (-Xss)
#   Set larger code cache with -XX:ReservedCodeCacheSize=
#   JVM is running with Unscaled Compressed Oops mode in which the Java heap is
#     placed in the first 4GB address space. The Java Heap base address is the
#     maximum limit for the native heap growth. Please use -XX:HeapBaseMinAddress
#     to set the Java Heap base and to place the Java Heap above 4GB virtual address.
# This output file may be truncated or incomplete.
#
#  Out of Memory Error (allocation.cpp:389), pid=4668, tid=0x0000000000002cb4
#
# JRE version: OpenJDK Runtime Environment (8.0_242-b01) (build 1.8.0_242-release-1644-b01)
# Java VM: OpenJDK 64-Bit Server VM (25.242-b01 mixed mode windows-amd64 compressed oops)
# Failed to write core dump. Minidumps are not enabled by default on client versions of Windows
#

---------------  T H R E A D  ---------------

Current thread (0x0000000019537000):  JavaThread "C2 CompilerThread2" daemon [_thread_in_native, id=11444, stack(0x000000001a000000,0x000000001a100000)]

Stack: [0x000000001a000000,0x000000001a100000]
[error occurred during error reporting (printing stack bounds), id 0xc0000005]

Native frames: (J=compiled Java code, j=interpreted, Vv=VM code, C=native code)


Current CompileTask:
C2:  38658 13097       4       com.android.tools.r8.ir.conversion.o::a (1157 bytes)


---------------  P R O C E S S  ---------------

Java Threads: ( => current thread )
  0x00000000244fd800 JavaThread "WorkerExecutor Queue Thread 10" [_thread_blocked, id=13712, stack(0x0000000029060000,0x0000000029160000)]
  0x00000000244fb800 JavaThread "Cache worker for Java compile cache (C:\Users\Saurabh Tripathi\AndroidStudioProjects\Medify\.gradle\6.1.1\javaCompile)" [_thread_blocked, id=944, stack(0x0000000028960000,0x0000000028a60000)]
  0x00000000244fa800 JavaThread "Cache worker for Java compile cache (C:\Users\Saurabh Tripathi\.gradle\caches\6.1.1\javaCompile)" [_thread_blocked, id=13120, stack(0x0000000028860000,0x0000000028960000)]
  0x00000000244fa000 JavaThread "WorkerExecutor Queue Thread 9" [_thread_blocked, id=14328, stack(0x0000000028460000,0x0000000028560000)]
  0x00000000244f9000 JavaThread "stdout" [_thread_in_native, id=4344, stack(0x0000000028160000,0x0000000028260000)]
  0x00000000244f8800 JavaThread "stderr" [_thread_in_native, id=12276, stack(0x0000000028060000,0x0000000028160000)]
  0x00000000244f0800 JavaThread "stdout" [_thread_in_native, id=12020, stack(0x0000000027f60000,0x0000000028060000)]
  0x00000000244f1800 JavaThread "stderr" [_thread_in_native, id=8872, stack(0x0000000027e60000,0x0000000027f60000)]
  0x00000000244f7800 JavaThread "stdout" [_thread_in_native, id=12028, stack(0x0000000027d60000,0x0000000027e60000)]
  0x00000000244f2000 JavaThread "stderr" [_thread_in_native, id=1964, stack(0x0000000027c60000,0x0000000027d60000)]
  0x00000000244f3800 JavaThread "stdout" [_thread_in_native, id=10460, stack(0x0000000027b60000,0x0000000027c60000)]
  0x00000000244f6000 JavaThread "stderr" [_thread_in_native, id=12852, stack(0x0000000027a60000,0x0000000027b60000)]
  0x00000000244f7000 JavaThread "stdout" [_thread_in_native, id=3660, stack(0x0000000027960000,0x0000000027a60000)]
  0x00000000244f5000 JavaThread "stderr" [_thread_in_native, id=6716, stack(0x0000000027860000,0x0000000027960000)]
  0x000000001b5a9000 JavaThread "stdout" [_thread_in_native, id=13416, stack(0x0000000027760000,0x0000000027860000)]
  0x000000001b5ac000 JavaThread "stderr" [_thread_in_native, id=13148, stack(0x0000000027660000,0x0000000027760000)]
  0x000000001b5a8000 JavaThread "stdout" [_thread_in_native, id=9424, stack(0x0000000027560000,0x0000000027660000)]
  0x000000001b5ae000 JavaThread "stderr" [_thread_in_native, id=6220, stack(0x0000000027460000,0x0000000027560000)]
  0x000000001b5ad800 JavaThread "stdout" [_thread_in_native, id=8476, stack(0x0000000027360000,0x0000000027460000)]
  0x000000001b5ab000 JavaThread "stderr" [_thread_in_native, id=6896, stack(0x0000000027260000,0x0000000027360000)]
  0x000000001b5aa800 JavaThread "pool-2-thread-1" [_thread_blocked, id=10068, stack(0x0000000027160000,0x0000000027260000)]
  0x000000001b5ac800 JavaThread "WorkerExecutor Queue Thread 8" [_thread_in_native, id=14064, stack(0x0000000026e60000,0x0000000026f60000)]
  0x000000001b5a9800 JavaThread "WorkerExecutor Queue Thread 7" [_thread_blocked, id=7148, stack(0x0000000026d60000,0x0000000026e60000)]
  0x000000001b5a0800 JavaThread "WorkerExecutor Queue Thread 6" [_thread_blocked, id=5488, stack(0x0000000026c60000,0x0000000026d60000)]
  0x000000001b5a7800 JavaThread "WorkerExecutor Queue Thread 5" [_thread_blocked, id=13280, stack(0x0000000026b60000,0x0000000026c60000)]
  0x000000001b5a6800 JavaThread "WorkerExecutor Queue Thread 4" [_thread_blocked, id=13460, stack(0x0000000026a60000,0x0000000026b60000)]
  0x000000001b59f000 JavaThread "WorkerExecutor Queue Thread 3" [_thread_blocked, id=10660, stack(0x0000000026960000,0x0000000026a60000)]
  0x000000001b5a6000 JavaThread "WorkerExecutor Queue Thread 2" [_thread_blocked, id=6676, stack(0x0000000026860000,0x0000000026960000)]
  0x000000001b5a2800 JavaThread "Cache worker for execution history cache (C:\Users\Saurabh Tripathi\AndroidStudioProjects\Medify\.gradle\6.1.1\executionHistory)" [_thread_blocked, id=5252, stack(0x0000000026460000,0x0000000026560000)]
  0x000000001b5a2000 JavaThread "Execution worker for ':' Thread 7" [_thread_blocked, id=11728, stack(0x0000000026160000,0x0000000026260000)]
  0x000000001ef24800 JavaThread "Execution worker for ':' Thread 6" [_thread_blocked, id=14260, stack(0x0000000026060000,0x0000000026160000)]
  0x000000001ef29000 JavaThread "Execution worker for ':' Thread 5" [_thread_blocked, id=12964, stack(0x0000000025f60000,0x0000000026060000)]
  0x000000001ef23800 JavaThread "Execution worker for ':' Thread 4" [_thread_blocked, id=7032, stack(0x0000000025e60000,0x0000000025f60000)]
  0x000000001ef27800 JavaThread "Execution worker for ':' Thread 3" [_thread_blocked, id=11508, stack(0x0000000025d60000,0x0000000025e60000)]
  0x000000001ef26800 JavaThread "Execution worker for ':' Thread 2" [_thread_in_native, id=9628, stack(0x0000000025c60000,0x0000000025d60000)]
  0x000000001ef26000 JavaThread "Execution worker for ':'" [_thread_blocked, id=6524, stack(0x0000000025b60000,0x0000000025c60000)]
  0x000000001ef29800 JavaThread "Cache worker for file content cache (C:\Users\Saurabh Tripathi\AndroidStudioProjects\Medify\.gradle\6.1.1\fileContent)" [_thread_blocked, id=13208, stack(0x0000000025660000,0x0000000025760000)]
  0x000000001ef25000 JavaThread "Cache worker for file content cache (C:\Users\Saurabh Tripathi\.gradle\caches\6.1.1\fileContent)" [_thread_blocked, id=10036, stack(0x0000000025560000,0x0000000025660000)]
  0x000000001ef28000 JavaThread "Memory manager" [_thread_blocked, id=504, stack(0x0000000025460000,0x0000000025560000)]
  0x000000001ef1c000 JavaThread "Cache worker for Build Output Cleanup Cache (C:\Users\Saurabh Tripathi\AndroidStudioProjects\Medify\.gradle\buildOutputCleanup)" [_thread_blocked, id=9380, stack(0x0000000023990000,0x0000000023a90000)]
  0x000000001ef23000 JavaThread "Build operations Thread 8" [_thread_blocked, id=11952, stack(0x0000000023290000,0x0000000023390000)]
  0x000000001ef1e800 JavaThread "Build operations Thread 7" [_thread_blocked, id=6204, stack(0x0000000023190000,0x0000000023290000)]
  0x000000001ef20000 JavaThread "Build operations Thread 6" [_thread_blocked, id=1400, stack(0x0000000023090000,0x0000000023190000)]
  0x000000001ef22000 JavaThread "Build operations Thread 5" [_thread_blocked, id=13680, stack(0x0000000022f90000,0x0000000023090000)]
  0x000000001ef1f000 JavaThread "Build operations Thread 4" [_thread_blocked, id=2728, stack(0x0000000022e90000,0x0000000022f90000)]
  0x000000001ef1a800 JavaThread "Build operations Thread 3" [_thread_blocked, id=14016, stack(0x0000000022d90000,0x0000000022e90000)]
  0x000000001ef1b800 JavaThread "Build operations Thread 2" [_thread_blocked, id=468, stack(0x0000000022c90000,0x0000000022d90000)]
  0x000000001ef21800 JavaThread "Build operations" [_thread_blocked, id=8200, stack(0x0000000022b90000,0x0000000022c90000)]
  0x000000001c69d000 JavaThread "Cache worker for execution history cache (C:\Users\Saurabh Tripathi\.gradle\caches\6.1.1\executionHistory)" [_thread_blocked, id=8668, stack(0x0000000021c00000,0x0000000021d00000)]
  0x000000001c698800 JavaThread "Cache worker for cache directory md-rule (C:\Users\Saurabh Tripathi\.gradle\caches\6.1.1\md-rule)" [_thread_blocked, id=13732, stack(0x00000000208c0000,0x00000000209c0000)]
  0x000000001c69a800 JavaThread "Cache worker for cache directory md-supplier (C:\Users\Saurabh Tripathi\.gradle\caches\6.1.1\md-supplier)" [_thread_blocked, id=5992, stack(0x00000000207c0000,0x00000000208c0000)]
  0x000000001c69c000 JavaThread "Cache worker for file hash cache (C:\Users\Saurabh Tripathi\AndroidStudioProjects\Medify\.gradle\6.1.1\fileHashes)" [_thread_blocked, id=2348, stack(0x0000000021b00000,0x0000000021c00000)]
  0x000000001c69a000 JavaThread "Cache worker for checksums cache (C:\Users\Saurabh Tripathi\AndroidStudioProjects\Medify\.gradle\checksums)" [_thread_blocked, id=320, stack(0x0000000020a30000,0x0000000020b30000)]
  0x000000001c699000 JavaThread "Cache worker for file hash cache (C:\Users\Saurabh Tripathi\.gradle\caches\6.1.1\fileHashes)" [_thread_blocked, id=2276, stack(0x000000001e320000,0x000000001e420000)]
  0x000000001c69b800 JavaThread "File lock request listener" [_thread_in_native, id=6256, stack(0x000000001e220000,0x000000001e320000)]
  0x000000001c372800 JavaThread "Cache worker for journal cache (C:\Users\Saurabh Tripathi\.gradle\caches\journal-1)" [_thread_blocked, id=7692, stack(0x000000001e120000,0x000000001e220000)]
  0x000000001bcfd000 JavaThread "Thread-9" [_thread_blocked, id=7588, stack(0x000000001de20000,0x000000001df20000)]
  0x000000001c376000 JavaThread "Stdin handler" [_thread_blocked, id=5580, stack(0x000000001dd20000,0x000000001de20000)]
  0x000000001c375000 JavaThread "Asynchronous log dispatcher for DefaultDaemonConnection: socket connection from /127.0.0.1:59117 to /127.0.0.1:59118" [_thread_blocked, id=14184, stack(0x000000001db20000,0x000000001dc20000)]
  0x000000001c40d000 JavaThread "Daemon worker" [_thread_blocked, id=868, stack(0x000000001da20000,0x000000001db20000)]
  0x000000001a4f1800 JavaThread "Cancel handler" [_thread_blocked, id=9792, stack(0x000000001d920000,0x000000001da20000)]
  0x000000001c20b800 JavaThread "Handler for socket connection from /127.0.0.1:59117 to /127.0.0.1:59118" [_thread_in_native, id=9528, stack(0x000000001d620000,0x000000001d720000)]
  0x000000001c20b000 JavaThread "Daemon" [_thread_blocked, id=13328, stack(0x000000001d520000,0x000000001d620000)]
  0x000000001bbfb000 JavaThread "Daemon periodic checks" [_thread_blocked, id=1456, stack(0x000000001d420000,0x000000001d520000)]
  0x000000001bbf8800 JavaThread "Incoming local TCP Connector on port 59117" [_thread_in_native, id=12608, stack(0x000000001d1e0000,0x000000001d2e0000)]
  0x000000001be95000 JavaThread "Daemon health stats" [_thread_blocked, id=5356, stack(0x000000001cba0000,0x000000001cca0000)]
  0x000000001954a000 JavaThread "Service Thread" daemon [_thread_blocked, id=8032, stack(0x000000001a200000,0x000000001a300000)]
  0x000000001953d800 JavaThread "C1 CompilerThread3" daemon [_thread_blocked, id=7152, stack(0x000000001a100000,0x000000001a200000)]
=>0x0000000019537000 JavaThread "C2 CompilerThread2" daemon [_thread_in_native, id=11444, stack(0x000000001a000000,0x000000001a100000)]
  0x000000001770e000 JavaThread "C2 CompilerThread1" daemon [_thread_in_native, id=3080, stack(0x0000000019f00000,0x000000001a000000)]
  0x000000001770a000 JavaThread "C2 CompilerThread0" daemon [_thread_blocked, id=12948, stack(0x0000000019e00000,0x0000000019f00000)]
  0x0000000019535800 JavaThread "Attach Listener" daemon [_thread_blocked, id=13436, stack(0x0000000019d00000,0x0000000019e00000)]
  0x0000000019534000 JavaThread "Signal Dispatcher" daemon [_thread_blocked, id=12024, stack(0x0000000019c00000,0x0000000019d00000)]
  0x000000000265d000 JavaThread "Finalizer" daemon [_thread_blocked, id=14040, stack(0x0000000019a00000,0x0000000019b00000)]
  0x0000000019520800 JavaThread "Reference Handler" daemon [_thread_blocked, id=12300, stack(0x0000000019900000,0x0000000019a00000)]
  0x00000000007ee800 JavaThread "main" [_thread_blocked, id=6964, stack(0x0000000002460000,0x0000000002560000)]

Other Threads:
  0x00000000176f8000 VMThread [stack: 0x0000000019400000,0x0000000019500000] [id=6772]
  0x000000001954a800 WatcherThread [stack: 0x000000001a300000,0x000000001a400000] [id=9320]

VM state:not at safepoint (normal execution)

VM Mutex/Monitor currently owned by a thread: None

heap address: 0x0000000080000000, size: 2048 MB, Compressed Oops mode: 32-bit
Narrow klass base: 0x0000000000000000, Narrow klass shift: 3
Compressed class space size: 1073741824 Address: 0x0000000100000000

Heap:
 PSYoungGen      total 319488K, used 20835K [0x00000000d5580000, 0x00000000ef900000, 0x0000000100000000)
  eden space 294912K, 7% used [0x00000000d5580000,0x00000000d69d8ca0,0x00000000e7580000)
  from space 24576K, 0% used [0x00000000e7580000,0x00000000e7580000,0x00000000e8d80000)
  to   space 32768K, 0% used [0x00000000ed900000,0x00000000ed900000,0x00000000ef900000)
 ParOldGen       total 81920K, used 73287K [0x0000000080000000, 0x0000000085000000, 0x00000000d5580000)
  object space 81920K, 89% used [0x0000000080000000,0x0000000084791d80,0x0000000085000000)
 Metaspace       used 82961K, capacity 86514K, committed 89384K, reserved 1126400K
  class space    used 11083K, capacity 11756K, committed 12336K, reserved 1048576K

Card table byte_map: [0x0000000011a20000,0x0000000011e30000] byte_map_base: 0x0000000011620000

Marking Bits: (ParMarkBitMap*) 0x000000006f34f030
 Begin Bits: [0x00000000128e0000, 0x00000000148e0000)
 End Bits:   [0x00000000148e0000, 0x00000000168e0000)

Polling page: 0x00000000007d0000

CodeCache: size=245760Kb used=35272Kb max_used=36197Kb free=210487Kb
 bounds [0x0000000002660000, 0x00000000049e0000, 0x0000000011660000]
 total_blobs=12252 nmethods=11383 adapters=780
 compilation: enabled

Compilation events (10 events):
Event: 38.652 Thread 0x000000001770e000 13293       4       com.android.tools.r8.graph.b0$$Lambda$1200/1289424106::apply (8 bytes)
Event: 38.652 Thread 0x000000001770e000 nmethod 13293 0x000000000431d790 code [0x000000000431d8e0, 0x000000000431d978]
Event: 38.652 Thread 0x000000001770e000 12745 %     4       com.android.tools.r8.u.b.L0::a @ 0 (30 bytes)
Event: 38.653 Thread 0x000000001953d800 13612       3       org.gradle.execution.taskgraph.DefaultTaskExecutionGraph$InvokeNodeExecutorsAction::execute (9 bytes)
Event: 38.653 Thread 0x000000001953d800 nmethod 13612 0x0000000002a7aa90 code [0x0000000002a7ac00, 0x0000000002a7ae68]
Event: 38.653 Thread 0x000000001953d800 13614       3       org.gradle.execution.ProjectExecutionServiceRegistry::forProject (23 bytes)
Event: 38.654 Thread 0x000000001953d800 nmethod 13614 0x0000000002ef0b90 code [0x0000000002ef0dc0, 0x0000000002ef1898]
Event: 38.655 Thread 0x000000001953d800 13619       3       org.gradle.internal.vfs.impl.DefaultVirtualFileSystem::lambda$snapshot$12 (12 bytes)
Event: 38.655 Thread 0x000000001770a000 nmethod 13266 0x0000000004354290 code [0x00000000043544c0, 0x00000000043569c8]
Event: 38.655 Thread 0x000000001953d800 nmethod 13619 0x00000000035798d0 code [0x0000000003579a40, 0x0000000003579ce8]

GC Heap History (10 events):
Event: 14.992 GC heap before
{Heap before GC invocations=15 (full 3):
 PSYoungGen      total 251392K, used 9950K [0x00000000d5580000, 0x00000000e6100000, 0x0000000100000000)
  eden space 238080K, 0% used [0x00000000d5580000,0x00000000d5580000,0x00000000e3e00000)
  from space 13312K, 74% used [0x00000000e5400000,0x00000000e5db78d8,0x00000000e6100000)
  to   space 17920K, 0% used [0x00000000e3e00000,0x00000000e3e00000,0x00000000e4f80000)
 ParOldGen       total 49152K, used 36661K [0x0000000080000000, 0x0000000083000000, 0x00000000d5580000)
  object space 49152K, 74% used [0x0000000080000000,0x00000000823cd7d8,0x0000000083000000)
 Metaspace       used 57019K, capacity 59072K, committed 59160K, reserved 1099776K
  class space    used 7829K, capacity 8297K, committed 8368K, reserved 1048576K
Event: 15.179 GC heap after
Heap after GC invocations=15 (full 3):
 PSYoungGen      total 251392K, used 0K [0x00000000d5580000, 0x00000000e6100000, 0x0000000100000000)
  eden space 238080K, 0% used [0x00000000d5580000,0x00000000d5580000,0x00000000e3e00000)
  from space 13312K, 0% used [0x00000000e5400000,0x00000000e5400000,0x00000000e6100000)
  to   space 17920K, 0% used [0x00000000e3e00000,0x00000000e3e00000,0x00000000e4f80000)
 ParOldGen       total 81920K, used 33903K [0x0000000080000000, 0x0000000085000000, 0x00000000d5580000)
  object space 81920K, 41% used [0x0000000080000000,0x000000008211bfc0,0x0000000085000000)
 Metaspace       used 56981K, capacity 58940K, committed 59160K, reserved 1099776K
  class space    used 7817K, capacity 8275K, committed 8368K, reserved 1048576K
}
Event: 18.489 GC heap before
{Heap before GC invocations=16 (full 3):
 PSYoungGen      total 251392K, used 238080K [0x00000000d5580000, 0x00000000e6100000, 0x0000000100000000)
  eden space 238080K, 100% used [0x00000000d5580000,0x00000000e3e00000,0x00000000e3e00000)
  from space 13312K, 0% used [0x00000000e5400000,0x00000000e5400000,0x00000000e6100000)
  to   space 17920K, 0% used [0x00000000e3e00000,0x00000000e3e00000,0x00000000e4f80000)
 ParOldGen       total 81920K, used 33903K [0x0000000080000000, 0x0000000085000000, 0x00000000d5580000)
  object space 81920K, 41% used [0x0000000080000000,0x000000008211bfc0,0x0000000085000000)
 Metaspace       used 62500K, capacity 65490K, committed 65832K, reserved 1105920K
  class space    used 8603K, capacity 9204K, committed 9264K, reserved 1048576K
Event: 18.515 GC heap after
Heap after GC invocations=16 (full 3):
 PSYoungGen      total 256000K, used 17911K [0x00000000d5580000, 0x00000000eab80000, 0x0000000100000000)
  eden space 238080K, 0% used [0x00000000d5580000,0x00000000d5580000,0x00000000e3e00000)
  from space 17920K, 99% used [0x00000000e3e00000,0x00000000e4f7dc60,0x00000000e4f80000)
  to   space 23552K, 0% used [0x00000000e9480000,0x00000000e9480000,0x00000000eab80000)
 ParOldGen       total 81920K, used 42209K [0x0000000080000000, 0x0000000085000000, 0x00000000d5580000)
  object space 81920K, 51% used [0x0000000080000000,0x00000000829385a8,0x0000000085000000)
 Metaspace       used 62500K, capacity 65490K, committed 65832K, reserved 1105920K
  class space    used 8603K, capacity 9204K, committed 9264K, reserved 1048576K
}
Event: 32.775 GC heap before
{Heap before GC invocations=17 (full 3):
 PSYoungGen      total 256000K, used 255991K [0x00000000d5580000, 0x00000000eab80000, 0x0000000100000000)
  eden space 238080K, 100% used [0x00000000d5580000,0x00000000e3e00000,0x00000000e3e00000)
  from space 17920K, 99% used [0x00000000e3e00000,0x00000000e4f7dc60,0x00000000e4f80000)
  to   space 23552K, 0% used [0x00000000e9480000,0x00000000e9480000,0x00000000eab80000)
 ParOldGen       total 81920K, used 42209K [0x0000000080000000, 0x0000000085000000, 0x00000000d5580000)
  object space 81920K, 51% used [0x0000000080000000,0x00000000829385a8,0x0000000085000000)
 Metaspace       used 68319K, capacity 71514K, committed 71720K, reserved 1112064K
  class space    used 9262K, capacity 9928K, committed 10032K, reserved 1048576K
Event: 32.799 GC heap after
Heap after GC invocations=17 (full 3):
 PSYoungGen      total 312320K, used 15126K [0x00000000d5580000, 0x00000000ea580000, 0x0000000100000000)
  eden space 294912K, 0% used [0x00000000d5580000,0x00000000d5580000,0x00000000e7580000)
  from space 17408K, 86% used [0x00000000e9480000,0x00000000ea345b70,0x00000000ea580000)
  to   space 24576K, 0% used [0x00000000e7580000,0x00000000e7580000,0x00000000e8d80000)
 ParOldGen       total 81920K, used 59135K [0x0000000080000000, 0x0000000085000000, 0x00000000d5580000)
  object space 81920K, 72% used [0x0000000080000000,0x00000000839bfee0,0x0000000085000000)
 Metaspace       used 68319K, capacity 71514K, committed 71720K, reserved 1112064K
  class space    used 9262K, capacity 9928K, committed 10032K, reserved 1048576K
}
Event: 38.059 GC heap before
{Heap before GC invocations=18 (full 3):
 PSYoungGen      total 312320K, used 309885K [0x00000000d5580000, 0x00000000ea580000, 0x0000000100000000)
  eden space 294912K, 99% used [0x00000000d5580000,0x00000000e7559a20,0x00000000e7580000)
  from space 17408K, 86% used [0x00000000e9480000,0x00000000ea345b70,0x00000000ea580000)
  to   space 24576K, 0% used [0x00000000e7580000,0x00000000e7580000,0x00000000e8d80000)
 ParOldGen       total 81920K, used 59135K [0x0000000080000000, 0x0000000085000000, 0x00000000d5580000)
  object space 81920K, 72% used [0x0000000080000000,0x00000000839bfee0,0x0000000085000000)
 Metaspace       used 83844K, capacity 89202K, committed 89384K, reserved 1126400K
  class space    used 11413K, capacity 12336K, committed 12336K, reserved 1048576K
Event: 38.103 GC heap after
Heap after GC invocations=18 (full 3):
 PSYoungGen      total 319488K, used 24573K [0x00000000d5580000, 0x00000000ef900000, 0x0000000100000000)
  eden space 294912K, 0% used [0x00000000d5580000,0x00000000d5580000,0x00000000e7580000)
  from space 24576K, 99% used [0x00000000e7580000,0x00000000e8d7f4f0,0x00000000e8d80000)
  to   space 32768K, 0% used [0x00000000ed900000,0x00000000ed900000,0x00000000ef900000)
 ParOldGen       total 81920K, used 71321K [0x0000000080000000, 0x0000000085000000, 0x00000000d5580000)
  object space 81920K, 87% used [0x0000000080000000,0x00000000845a6718,0x0000000085000000)
 Metaspace       used 83844K, capacity 89202K, committed 89384K, reserved 1126400K
  class space    used 11413K, capacity 12336K, committed 12336K, reserved 1048576K
}
Event: 38.103 GC heap before
{Heap before GC invocations=19 (full 4):
 PSYoungGen      total 319488K, used 24573K [0x00000000d5580000, 0x00000000ef900000, 0x0000000100000000)
  eden space 294912K, 0% used [0x00000000d5580000,0x00000000d5580000,0x00000000e7580000)
  from space 24576K, 99% used [0x00000000e7580000,0x00000000e8d7f4f0,0x00000000e8d80000)
  to   space 32768K, 0% used [0x00000000ed900000,0x00000000ed900000,0x00000000ef900000)
 ParOldGen       total 81920K, used 71321K [0x0000000080000000, 0x0000000085000000, 0x00000000d5580000)
  object space 81920K, 87% used [0x0000000080000000,0x00000000845a6718,0x0000000085000000)
 Metaspace       used 83844K, capacity 89202K, committed 89384K, reserved 1126400K
  class space    used 11413K, capacity 12336K, committed 12336K, reserved 1048576K
Event: 38.291 GC heap after
Heap after GC invocations=19 (full 4):
 PSYoungGen      total 319488K, used 0K [0x00000000d5580000, 0x00000000ef900000, 0x0000000100000000)
  eden space 294912K, 0% used [0x00000000d5580000,0x00000000d5580000,0x00000000e7580000)
  from space 24576K, 0% used [0x00000000e7580000,0x00000000e7580000,0x00000000e8d80000)
  to   space 32768K, 0% used [0x00000000ed900000,0x00000000ed900000,0x00000000ef900000)
 ParOldGen       total 81920K, used 73287K [0x0000000080000000, 0x0000000085000000, 0x00000000d5580000)
  object space 81920K, 89% used [0x0000000080000000,0x0000000084791d80,0x0000000085000000)
 Metaspace       used 82862K, capacity 86430K, committed 89384K, reserved 1126400K
  class space    used 11080K, capacity 11756K, committed 12336K, reserved 1048576K
}

Deoptimization events (10 events):
Event: 37.978 Thread 0x000000001b5a0800 Uncommon trap: reason=array_check action=maybe_recompile pc=0x0000000004960014 method=java.util.TimSort.binarySort([Ljava/lang/Object;IIILjava/util/Comparator;)V @ 183
Event: 37.978 Thread 0x000000001b5a0800 Uncommon trap: reason=array_check action=maybe_recompile pc=0x000000000495ff4c method=java.util.TimSort.binarySort([Ljava/lang/Object;IIILjava/util/Comparator;)V @ 193
Event: 37.978 Thread 0x000000001b5a0800 Uncommon trap: reason=predicate action=maybe_recompile pc=0x0000000004958ab0 method=com.android.tools.r8.graph.V.a([Lcom/android/tools/r8/graph/V;Ljava/util/function/Consumer;)V @ 15
Event: 38.004 Thread 0x000000001b5a7800 Uncommon trap: reason=unstable_if action=reinterpret pc=0x000000000303b8a8 method=java.util.Arrays.equals([Ljava/lang/Object;[Ljava/lang/Object;)Z @ 47
Event: 38.352 Thread 0x000000001b5ac800 Uncommon trap: reason=class_check action=maybe_recompile pc=0x0000000002b9fd30 method=java.util.zip.InflaterInputStream.read([BII)I @ 100
Event: 38.352 Thread 0x000000001b5ac800 Uncommon trap: reason=class_check action=maybe_recompile pc=0x0000000002b9fd30 method=java.util.zip.InflaterInputStream.read([BII)I @ 100
Event: 38.352 Thread 0x000000001b5ac800 Uncommon trap: reason=class_check action=maybe_recompile pc=0x0000000002b9fd30 method=java.util.zip.InflaterInputStream.read([BII)I @ 100
Event: 38.352 Thread 0x000000001b5ac800 Uncommon trap: reason=class_check action=maybe_recompile pc=0x0000000002b9fd30 method=java.util.zip.InflaterInputStream.read([BII)I @ 100
Event: 38.413 Thread 0x000000001b5a9800 Uncommon trap: reason=array_check action=maybe_recompile pc=0x0000000002b47e18 method=java.util.TimSort.binarySort([Ljava/lang/Object;IIILjava/util/Comparator;)V @ 215
Event: 38.413 Thread 0x000000001b5a9800 Uncommon trap: reason=array_check action=maybe_recompile pc=0x0000000002b47e18 method=java.util.TimSort.binarySort([Ljava/lang/Object;IIILjava/util/Comparator;)V @ 215

Classes redefined (0 events):
No events

Internal exceptions (10 events):
Event: 38.021 Thread 0x000000001b5a7800 Exception <a 'sun/nio/fs/WindowsException'> (0x00000000e6d91600) thrown at [C:\src\AOSP-openjdk-git\hotspot\src\share\vm\prims\jni.cpp, line 710]
Event: 38.028 Thread 0x000000001b5a7800 Exception <a 'sun/nio/fs/WindowsException'> (0x00000000e6d9d2e0) thrown at [C:\src\AOSP-openjdk-git\hotspot\src\share\vm\prims\jni.cpp, line 710]
Event: 38.034 Thread 0x000000001b5a7800 Exception <a 'sun/nio/fs/WindowsException'> (0x00000000e6da4760) thrown at [C:\src\AOSP-openjdk-git\hotspot\src\share\vm\prims\jni.cpp, line 710]
Event: 38.037 Thread 0x000000001b5a7800 Exception <a 'sun/nio/fs/WindowsException'> (0x00000000e72704e8) thrown at [C:\src\AOSP-openjdk-git\hotspot\src\share\vm\prims\jni.cpp, line 710]
Event: 38.043 Thread 0x000000001b5a7800 Exception <a 'sun/nio/fs/WindowsException'> (0x00000000e7283ab0) thrown at [C:\src\AOSP-openjdk-git\hotspot\src\share\vm\prims\jni.cpp, line 710]
Event: 38.057 Thread 0x000000001b5a7800 Exception <a 'sun/nio/fs/WindowsException'> (0x00000000e728c9f0) thrown at [C:\src\AOSP-openjdk-git\hotspot\src\share\vm\prims\jni.cpp, line 710]
Event: 38.325 Thread 0x000000001b5a7800 Exception <a 'sun/nio/fs/WindowsException'> (0x00000000d55c7458) thrown at [C:\src\AOSP-openjdk-git\hotspot\src\share\vm\prims\jni.cpp, line 710]
Event: 38.350 Thread 0x000000001b5a7800 Exception <a 'sun/nio/fs/WindowsException'> (0x00000000d55d0b18) thrown at [C:\src\AOSP-openjdk-git\hotspot\src\share\vm\prims\jni.cpp, line 710]
Event: 38.365 Thread 0x000000001b5a7800 Exception <a 'sun/nio/fs/WindowsException'> (0x00000000d55d7858) thrown at [C:\src\AOSP-openjdk-git\hotspot\src\share\vm\prims\jni.cpp, line 710]
Event: 38.374 Thread 0x000000001b5a7800 Exception <a 'sun/nio/fs/WindowsException'> (0x00000000d55e94b0) thrown at [C:\src\AOSP-openjdk-git\hotspot\src\share\vm\prims\jni.cpp, line 710]

Events (10 events):
Event: 38.654 Thread 0x000000001953d800 flushing nmethod 0x0000000003790590
Event: 38.655 Thread 0x000000001953d800 flushing nmethod 0x0000000003930950
Event: 38.655 Thread 0x000000001953d800 flushing nmethod 0x0000000003945050
Event: 38.655 Thread 0x000000001953d800 flushing nmethod 0x0000000003951bd0
Event: 38.655 Thread 0x000000001953d800 flushing nmethod 0x000000000395a9d0
Event: 38.655 Thread 0x000000001953d800 flushing nmethod 0x000000000395e410
Event: 38.655 Thread 0x000000001953d800 flushing nmethod 0x0000000003965250
Event: 38.655 Thread 0x000000001953d800 flushing nmethod 0x000000000397c8d0
Event: 38.655 Thread 0x000000001953d800 flushing nmethod 0x00000000039a7d10
Event: 38.655 Thread 0x000000001953d800 flushing nmethod 0x00000000039a9e90


Dynamic libraries:
0x00007ff777820000 - 0x00007ff777851000 	C:\Program Files\Android\Android Studio\jre\bin\java.exe
0x00007ffa899c0000 - 0x00007ffa89bb0000 	C:\WINDOWS\SYSTEM32\ntdll.dll
0x00007ffa88530000 - 0x00007ffa885e2000 	C:\WINDOWS\System32\KERNEL32.DLL
0x00007ffa86a50000 - 0x00007ffa86cf4000 	C:\WINDOWS\System32\KERNELBASE.dll
0x00007ffa88290000 - 0x00007ffa88333000 	C:\WINDOWS\System32\ADVAPI32.dll
0x00007ffa87f70000 - 0x00007ffa8800e000 	C:\WINDOWS\System32\msvcrt.dll
0x00007ffa89580000 - 0x00007ffa89617000 	C:\WINDOWS\System32\sechost.dll
0x00007ffa87df0000 - 0x00007ffa87f10000 	C:\WINDOWS\System32\RPCRT4.dll
0x00007ffa88f70000 - 0x00007ffa89104000 	C:\WINDOWS\System32\USER32.dll
0x00007ffa87900000 - 0x00007ffa87921000 	C:\WINDOWS\System32\win32u.dll
0x00007ffa87a70000 - 0x00007ffa87a96000 	C:\WINDOWS\System32\GDI32.dll
0x00007ffa86f00000 - 0x00007ffa87095000 	C:\WINDOWS\System32\gdi32full.dll
0x00007ffa87930000 - 0x00007ffa879ce000 	C:\WINDOWS\System32\msvcp_win.dll
0x00007ffa86950000 - 0x00007ffa86a4a000 	C:\WINDOWS\System32\ucrtbase.dll
0x00007ffa6f5d0000 - 0x00007ffa6f854000 	C:\WINDOWS\WinSxS\amd64_microsoft.windows.common-controls_6595b64144ccf1df_6.0.18362.900_none_e6beb9d913147d17\COMCTL32.dll
0x00007ffa87ab0000 - 0x00007ffa87de5000 	C:\WINDOWS\System32\combase.dll
0x00007ffa879d0000 - 0x00007ffa87a50000 	C:\WINDOWS\System32\bcryptPrimitives.dll
0x00007ffa88190000 - 0x00007ffa881be000 	C:\WINDOWS\System32\IMM32.DLL
0x000000006e9c0000 - 0x000000006ea92000 	C:\Program Files\Android\Android Studio\jre\jre\bin\msvcr100.dll
0x000000006eb80000 - 0x000000006f3cb000 	C:\Program Files\Android\Android Studio\jre\jre\bin\server\jvm.dll
0x00007ffa88e30000 - 0x00007ffa88e38000 	C:\WINDOWS\System32\PSAPI.DLL
0x00007ffa84a80000 - 0x00007ffa84a8a000 	C:\WINDOWS\SYSTEM32\VERSION.dll
0x00007ffa83db0000 - 0x00007ffa83dd4000 	C:\WINDOWS\SYSTEM32\WINMM.dll
0x00007ffa81e80000 - 0x00007ffa81e89000 	C:\WINDOWS\SYSTEM32\WSOCK32.dll
0x00007ffa884c0000 - 0x00007ffa8852f000 	C:\WINDOWS\System32\WS2_32.dll
0x00007ffa83d80000 - 0x00007ffa83dad000 	C:\WINDOWS\SYSTEM32\WINMMBASE.dll
0x00007ffa870a0000 - 0x00007ffa870ea000 	C:\WINDOWS\System32\cfgmgr32.dll
0x00007ffa81e70000 - 0x00007ffa81e7f000 	C:\Program Files\Android\Android Studio\jre\jre\bin\verify.dll
0x00007ffa81350000 - 0x00007ffa81379000 	C:\Program Files\Android\Android Studio\jre\jre\bin\java.dll
0x00007ffa81330000 - 0x00007ffa81346000 	C:\Program Files\Android\Android Studio\jre\jre\bin\zip.dll
0x00007ffa88730000 - 0x00007ffa88e16000 	C:\WINDOWS\System32\SHELL32.dll
0x00007ffa880e0000 - 0x00007ffa88189000 	C:\WINDOWS\System32\shcore.dll
0x00007ffa87120000 - 0x00007ffa878a0000 	C:\WINDOWS\System32\windows.storage.dll
0x00007ffa86900000 - 0x00007ffa86923000 	C:\WINDOWS\System32\profapi.dll
0x00007ffa868b0000 - 0x00007ffa868fa000 	C:\WINDOWS\System32\powrprof.dll
0x00007ffa86880000 - 0x00007ffa86890000 	C:\WINDOWS\System32\UMPDC.dll
0x00007ffa89920000 - 0x00007ffa89972000 	C:\WINDOWS\System32\shlwapi.dll
0x00007ffa86930000 - 0x00007ffa86941000 	C:\WINDOWS\System32\kernel.appcore.dll
0x00007ffa87a50000 - 0x00007ffa87a67000 	C:\WINDOWS\System32\cryptsp.dll
0x00007ffa7c2a0000 - 0x00007ffa7c2ba000 	C:\Program Files\Android\Android Studio\jre\jre\bin\net.dll
0x00007ffa86090000 - 0x00007ffa860f7000 	C:\WINDOWS\system32\mswsock.dll
0x00007ffa7c280000 - 0x00007ffa7c293000 	C:\Program Files\Android\Android Studio\jre\jre\bin\nio.dll
0x00007ffa74000000 - 0x00007ffa74026000 	C:\Users\Saurabh Tripathi\.gradle\native\31\windows-amd64\native-platform.dll
0x00007ffa81e60000 - 0x00007ffa81e6d000 	C:\Program Files\Android\Android Studio\jre\jre\bin\management.dll
0x00007ffa85c00000 - 0x00007ffa85c33000 	C:\WINDOWS\system32\rsaenh.dll
0x00007ffa870f0000 - 0x00007ffa87116000 	C:\WINDOWS\System32\bcrypt.dll
0x00007ffa867a0000 - 0x00007ffa867c5000 	C:\WINDOWS\SYSTEM32\USERENV.dll
0x00007ffa86260000 - 0x00007ffa8626c000 	C:\WINDOWS\SYSTEM32\CRYPTBASE.dll
0x00007ffa85da0000 - 0x00007ffa85dda000 	C:\WINDOWS\SYSTEM32\IPHLPAPI.DLL
0x00007ffa87aa0000 - 0x00007ffa87aa8000 	C:\WINDOWS\System32\NSI.dll
0x00007ffa7f160000 - 0x00007ffa7f176000 	C:\WINDOWS\SYSTEM32\dhcpcsvc6.DLL
0x00007ffa7f590000 - 0x00007ffa7f5ac000 	C:\WINDOWS\SYSTEM32\dhcpcsvc.DLL
0x00007ffa85df0000 - 0x00007ffa85ebb000 	C:\WINDOWS\SYSTEM32\DNSAPI.dll

VM Arguments:
jvm_args: -Xmx2048m -Dfile.encoding=windows-1252 -Duser.country=US -Duser.language=en -Duser.variant 
java_command: org.gradle.launcher.daemon.bootstrap.GradleDaemon 6.1.1
java_class_path (initial): C:\Users\Saurabh Tripathi\.gradle\wrapper\dists\gradle-6.1.1-all\cfmwm155h49vnt3hynmlrsdst\gradle-6.1.1\lib\gradle-launcher-6.1.1.jar
Launcher Type: SUN_STANDARD

Environment Variables:
PATH=C:\Program Files (x86)\Intel\Intel(R) Management Engine Components\iCLS\;C:\Program Files\Intel\Intel(R) Management Engine Components\iCLS\;C:\WINDOWS\system32;C:\WINDOWS;C:\WINDOWS\System32\Wbem;C:\WINDOWS\System32\WindowsPowerShell\v1.0\;C:\WINDOWS\System32\OpenSSH\;C:\Program Files (x86)\Intel\Intel(R) Management Engine Components\DAL;C:\Program Files\Intel\Intel(R) Management Engine Components\DAL;C:\Program Files (x86)\Intel\Intel(R) Management Engine Components\IPT;C:\Program Files\Intel\Intel(R) Management Engine Components\IPT;C:\Program Files\Java\jdk-11.0.1\bin;C:\Program Files\Git\cmd;C:\Program Files\nodejs\;C:\ProgramData\chocolatey\bin;C:\Users\Saurabh Tripathi\AppData\Local\Microsoft\WindowsApps;C:\Users\Saurabh Tripathi\AppData\Local\Programs\Python\Python36-32\Scripts;C:\Users\Saurabh Tripathi\AppData\Local\Programs\Python\Python36-32;;C:\Users\Saurabh Tripathi\AppData\Local\Programs\Microsoft VS Code\bin;C:\Users\Saurabh Tripathi\AppData\Roaming\npm;C:\Program Files\heroku\bin
USERNAME=Saurabh Tripathi
OS=Windows_NT
PROCESSOR_IDENTIFIER=Intel64 Family 6 Model 142 Stepping 10, GenuineIntel



---------------  S Y S T E M  ---------------

OS: Windows 10.0 , 64 bit Build 18362 (10.0.18362.900)

CPU:total 8 (initial active 8) (4 cores per cpu, 2 threads per core) family 6 model 142 stepping 10, cmov, cx8, fxsr, mmx, sse, sse2, sse3, ssse3, sse4.1, sse4.2, popcnt, avx, avx2, aes, clmul, erms, 3dnowpref, lzcnt, ht, tsc, tscinvbit, bmi1, bmi2, adx

Memory: 4k page, physical 4073468k(366044k free), swap 6905852k(8476k free)

vm_info: OpenJDK 64-Bit Server VM (25.242-b01) for windows-amd64 JRE (1.8.0_242-release-1644-b01), built by "builder" with MS VC++ 10.0 (VS2010)

time: Sun Nov 29 23:46:58 2020
timezone: India Standard Time
elapsed time: 38 seconds (0d 0h 0m 38s)

